Integrated data for pffrag1_hist_run/bgsubbed_run447_451_from_run428to430.root Si strips
Range of integration:: lowbin=     0 hibin=    -1
Integrated data for pffrag1_hist_run/bgsubbed_run447_451_from_run428to430.root Si strips
Range of integration:: lowbin=     0 hibin=    -1
0   -1.6e+03 +- 36      
1   -0.98    +- 0.35    
2   -44      +- 15      
3   -7.7     +- 0.97    
4   -94      +- 38      
5   -2.1e+02 +- 71      
6   6.8e+02  +- 56      
7   1e+03    +- 85      
8   1.1e+03  +- 58      
9   -4.7     +- 0.76    
10  1e+03    +- 71      
11  -6.7e+02 +- 1.1e+02 
12  -3e+02   +- 1.2e+02 
13  -5.7e+02 +- 1.1e+02 
14  8.1e+02  +- 1.4e+02 
15  7.9e+04  +- 4.9e+02 
16  -90      +- 68      
17  3.5e+03  +- 1e+02   
18  -2.1e+02 +- 69      
19  -8.2e+04 +- 1.4e+02 
20  2.9e+02  +- 85      
21  -28      +- 62      
22  -1.7e+04 +- 1.8e+02 
23  3.6e+02  +- 67      
24  -9.6e+04 +- 2.5e+02 
25  6.4e+02  +- 49      
26  -1.4e+05 +- 1.4e+02 
27  7.1e+02  +- 44      
28  4.3e+02  +- 35      
29  4.8e+02  +- 26      
30  44       +- 23      
31  2.2e+02  +- 20      
32  7.9e+04  +- 7e+02   
33  7.9e+04  +- 7e+02   
34  7.9e+04  +- 7e+02   
35  7.8e+04  +- 7e+02   
36  7.9e+04  +- 7e+02   
37  7.9e+04  +- 7e+02   
38  7.9e+04  +- 7e+02   
39  7.8e+04  +- 7e+02   
40  7.9e+04  +- 7e+02   
41  7.9e+04  +- 7e+02   
42  1.1e+02  +- 50      
43  7.5e+04  +- 6.9e+02 
44  7.9e+04  +- 7e+02   
45  7.9e+04  +- 7e+02   
46  7.9e+04  +- 7e+02   
47  7.9e+04  +- 7e+02   
48  7.9e+04  +- 7e+02   
49  7.9e+04  +- 7e+02   
50  7.9e+04  +- 7e+02   
51  7.9e+04  +- 7e+02   
52  7.9e+04  +- 7e+02   
53  7.9e+04  +- 7e+02   
54  7.9e+04  +- 7e+02   
55  7.9e+04  +- 7e+02   
56  7.9e+04  +- 7e+02   
57  7.9e+04  +- 7e+02   
58  7.9e+04  +- 7e+02   
59  7.9e+04  +- 7e+02   
60  7.9e+04  +- 7e+02   
61  7.9e+04  +- 7e+02   
62  7.9e+04  +- 7e+02   
63  7.9e+04  +- 7e+02   
